  Texture.cpp
c:\users\jamerrf13\desktop\sabertooth\sabertooth\texture.cpp(20): warning C4101: 'height': variável local não referenciada
c:\users\jamerrf13\desktop\sabertooth\sabertooth\texture.cpp(20): warning C4101: 'width': variável local não referenciada
c:\users\jamerrf13\desktop\sabertooth\sabertooth\texture.cpp(21): warning C4101: 'image': variável local não referenciada
  AssetManager.cpp
  Gerando Código...
  Compilando...
  main.cpp
c:\users\jamerrf13\desktop\sabertooth\sabertooth\main.cpp(3): warning C4005: 'EXIT_FAILURE': redefinição de macro
  c:\program files (x86)\windows kits\10\include\10.0.15063.0\ucrt\stdlib.h(48): note: consulte a definição anterior de 'EXIT_FAILURE'
  System.cpp
  Shader.cpp
  Gerando Código...
  SOIL.lib(SOIL.obj) : MSIL .netmodule ou módulo compilado com /GL encontrado; reiniciando link com /LTCG; adicione /LTCG ao link da linha de comando para melhorar performance do vinculador
LINK : warning LNK4075: ignorando '/INCREMENTAL' devido a especificaþÒo '/LTCG'
LINK : warning LNK4098: defaultlib 'MSVCRT' conflita com uso de outras bibliotecas; use /NODEFAULTLIB:library
  Gerando c¾digo
  Finalizada a geraþÒo de c¾digo
SOIL.lib(SOIL.obj) : warning LNK4099: PDB 'vc110.pdb' nÒo foi encontrado 'SOIL.lib(SOIL.obj)' ou no 'C:\Users\jamerrf13\Desktop\Sabertooth\x64\Debug\vc110.pdb'; vinculando objeto quando quando sem nenhuma informaþÒo de depuraþÒo
SOIL.lib(stb_image_aug.obj) : warning LNK4099: PDB 'vc110.pdb' nÒo foi encontrado 'SOIL.lib(stb_image_aug.obj)' ou no 'C:\Users\jamerrf13\Desktop\Sabertooth\x64\Debug\vc110.pdb'; vinculando objeto quando quando sem nenhuma informaþÒo de depuraþÒo
SOIL.lib(image_helper.obj) : warning LNK4099: PDB 'vc110.pdb' nÒo foi encontrado 'SOIL.lib(image_helper.obj)' ou no 'C:\Users\jamerrf13\Desktop\Sabertooth\x64\Debug\vc110.pdb'; vinculando objeto quando quando sem nenhuma informaþÒo de depuraþÒo
SOIL.lib(image_DXT.obj) : warning LNK4099: PDB 'vc110.pdb' nÒo foi encontrado 'SOIL.lib(image_DXT.obj)' ou no 'C:\Users\jamerrf13\Desktop\Sabertooth\x64\Debug\vc110.pdb'; vinculando objeto quando quando sem nenhuma informaþÒo de depuraþÒo
  Sabertooth.vcxproj -> C:\Users\jamerrf13\Desktop\Sabertooth\x64\Debug\Sabertooth.exe
  Sabertooth.vcxproj -> C:\Users\jamerrf13\Desktop\Sabertooth\x64\Debug\Sabertooth.pdb (Partial PDB)
